{"numFailedTestSuites":1,"numFailedTests":2,"numPassedTestSuites":3,"numPassedTests":8,"numPendingTestSuites":0,"numPendingTests":0,"numRuntimeErrorTestSuites":0,"numTodoTests":0,"numTotalTestSuites":4,"numTotalTests":10,"openHandles":[],"snapshot":{"added":0,"didUpdate":false,"failure":false,"filesAdded":0,"filesRemoved":0,"filesRemovedList":[],"filesUnmatched":0,"filesUpdated":0,"matched":0,"total":0,"unchecked":0,"uncheckedKeysByFile":[],"unmatched":0,"updated":0},"startTime":1777141523238,"success":false,"testResults":[{"assertionResults":[{"ancestorTitles":["OperationsDashboard"],"duration":160,"failureDetails":[{}],"failureMessages":["TypeError: Cannot read properties of null (reading 'useContext')\n    at Object.<anonymous>.process.env.NODE_ENV.exports.useContext (/Users/useruser/node_modules/react/cjs/react.development.js:1212:25)\n    at Object.useContext [as usePresence] (/Users/useruser/node_modules/framer-motion/src/components/AnimatePresence/use-presence.ts:43:21)\n    at usePresence (/Users/useruser/node_modules/framer-motion/src/components/AnimatePresence/index.tsx:58:45)\n    at renderWithHooks (/Users/useruser/Desktop/IVOS 61.1/node_modules/react-dom/cjs/react-dom.development.js:15486:18)\n    at mountIndeterminateComponent (/Users/useruser/Desktop/IVOS 61.1/node_modules/react-dom/cjs/react-dom.development.js:20103:13)\n    at beginWork (/Users/useruser/Desktop/IVOS 61.1/node_modules/react-dom/cjs/react-dom.development.js:21626:16)\n    at beginWork$1 (/Users/useruser/Desktop/IVOS 61.1/node_modules/react-dom/cjs/react-dom.development.js:27465:14)\n    at performUnitOfWork (/Users/useruser/Desktop/IVOS 61.1/node_modules/react-dom/cjs/react-dom.development.js:26599:12)\n    at workLoopSync (/Users/useruser/Desktop/IVOS 61.1/node_modules/react-dom/cjs/react-dom.development.js:26505:5)\n    at renderRootSync (/Users/useruser/Desktop/IVOS 61.1/node_modules/react-dom/cjs/react-dom.development.js:26473:7)\n    at recoverFromConcurrentError (/Users/useruser/Desktop/IVOS 61.1/node_modules/react-dom/cjs/react-dom.development.js:25889:20)\n    at performConcurrentWorkOnRoot (/Users/useruser/Desktop/IVOS 61.1/node_modules/react-dom/cjs/react-dom.development.js:25789:22)\n    at flushActQueue (/Users/useruser/Desktop/IVOS 61.1/node_modules/react/cjs/react.development.js:2667:24)\n    at act (/Users/useruser/Desktop/IVOS 61.1/node_modules/react/cjs/react.development.js:2582:11)\n    at /Users/useruser/Desktop/IVOS 61.1/node_modules/@testing-library/react/dist/act-compat.js:47:25\n    at renderRoot (/Users/useruser/Desktop/IVOS 61.1/node_modules/@testing-library/react/dist/pure.js:180:26)\n    at render (/Users/useruser/Desktop/IVOS 61.1/node_modules/@testing-library/react/dist/pure.js:271:10)\n    at customRender (/Users/useruser/Desktop/IVOS 61.1/src/test-utils.tsx:29:12)\n    at Object.<anonymous> (/Users/useruser/Desktop/IVOS 61.1/src/features/operations/pages/OperationsDashboard.test.tsx:17:11)\n    at Promise.then.completed (/Users/useruser/Desktop/IVOS 61.1/node_modules/jest-circus/build/utils.js:298:28)\n    at new Promise (<anonymous>)\n    at callAsyncCircusFn (/Users/useruser/Desktop/IVOS 61.1/node_modules/jest-circus/build/utils.js:231:10)\n    at _callCircusTest (/Users/useruser/Desktop/IVOS 61.1/node_modules/jest-circus/build/run.js:316:40)\n    at _runTest (/Users/useruser/Desktop/IVOS 61.1/node_modules/jest-circus/build/run.js:252:3)\n    at _runTestsForDescribeBlock (/Users/useruser/Desktop/IVOS 61.1/node_modules/jest-circus/build/run.js:126:9)\n    at _runTestsForDescribeBlock (/Users/useruser/Desktop/IVOS 61.1/node_modules/jest-circus/build/run.js:121:9)\n    at run (/Users/useruser/Desktop/IVOS 61.1/node_modules/jest-circus/build/run.js:71:3)\n    at runAndTransformResultsToJestFormat (/Users/useruser/Desktop/IVOS 61.1/node_modules/jest-circus/build/legacy-code-todo-rewrite/jestAdapterInit.js:122:21)\n    at jestAdapter (/Users/useruser/Desktop/IVOS 61.1/node_modules/jest-circus/build/legacy-code-todo-rewrite/jestAdapter.js:79:19)\n    at runTestInternal (/Users/useruser/Desktop/IVOS 61.1/node_modules/jest-runner/build/runTest.js:367:16)\n    at runTest (/Users/useruser/Desktop/IVOS 61.1/node_modules/jest-runner/build/runTest.js:444:34)"],"fullName":"OperationsDashboard affiche le tableau de bord avec les colonnes","invocations":1,"location":null,"numPassingAsserts":0,"retryReasons":[],"status":"failed","title":"affiche le tableau de bord avec les colonnes"},{"ancestorTitles":["OperationsDashboard"],"duration":25,"failureDetails":[{}],"failureMessages":["TypeError: Cannot read properties of null (reading 'useContext')\n    at Object.<anonymous>.process.env.NODE_ENV.exports.useContext (/Users/useruser/node_modules/react/cjs/react.development.js:1212:25)\n    at Object.useContext [as usePresence] (/Users/useruser/node_modules/framer-motion/src/components/AnimatePresence/use-presence.ts:43:21)\n    at usePresence (/Users/useruser/node_modules/framer-motion/src/components/AnimatePresence/index.tsx:58:45)\n    at renderWithHooks (/Users/useruser/Desktop/IVOS 61.1/node_modules/react-dom/cjs/react-dom.development.js:15486:18)\n    at mountIndeterminateComponent (/Users/useruser/Desktop/IVOS 61.1/node_modules/react-dom/cjs/react-dom.development.js:20103:13)\n    at beginWork (/Users/useruser/Desktop/IVOS 61.1/node_modules/react-dom/cjs/react-dom.development.js:21626:16)\n    at beginWork$1 (/Users/useruser/Desktop/IVOS 61.1/node_modules/react-dom/cjs/react-dom.development.js:27465:14)\n    at performUnitOfWork (/Users/useruser/Desktop/IVOS 61.1/node_modules/react-dom/cjs/react-dom.development.js:26599:12)\n    at workLoopSync (/Users/useruser/Desktop/IVOS 61.1/node_modules/react-dom/cjs/react-dom.development.js:26505:5)\n    at renderRootSync (/Users/useruser/Desktop/IVOS 61.1/node_modules/react-dom/cjs/react-dom.development.js:26473:7)\n    at recoverFromConcurrentError (/Users/useruser/Desktop/IVOS 61.1/node_modules/react-dom/cjs/react-dom.development.js:25889:20)\n    at performConcurrentWorkOnRoot (/Users/useruser/Desktop/IVOS 61.1/node_modules/react-dom/cjs/react-dom.development.js:25789:22)\n    at flushActQueue (/Users/useruser/Desktop/IVOS 61.1/node_modules/react/cjs/react.development.js:2667:24)\n    at act (/Users/useruser/Desktop/IVOS 61.1/node_modules/react/cjs/react.development.js:2582:11)\n    at /Users/useruser/Desktop/IVOS 61.1/node_modules/@testing-library/react/dist/act-compat.js:47:25\n    at renderRoot (/Users/useruser/Desktop/IVOS 61.1/node_modules/@testing-library/react/dist/pure.js:180:26)\n    at render (/Users/useruser/Desktop/IVOS 61.1/node_modules/@testing-library/react/dist/pure.js:271:10)\n    at customRender (/Users/useruser/Desktop/IVOS 61.1/src/test-utils.tsx:29:12)\n    at Object.<anonymous> (/Users/useruser/Desktop/IVOS 61.1/src/features/operations/pages/OperationsDashboard.test.tsx:25:11)\n    at Promise.then.completed (/Users/useruser/Desktop/IVOS 61.1/node_modules/jest-circus/build/utils.js:298:28)\n    at new Promise (<anonymous>)\n    at callAsyncCircusFn (/Users/useruser/Desktop/IVOS 61.1/node_modules/jest-circus/build/utils.js:231:10)\n    at _callCircusTest (/Users/useruser/Desktop/IVOS 61.1/node_modules/jest-circus/build/run.js:316:40)\n    at _runTest (/Users/useruser/Desktop/IVOS 61.1/node_modules/jest-circus/build/run.js:252:3)\n    at _runTestsForDescribeBlock (/Users/useruser/Desktop/IVOS 61.1/node_modules/jest-circus/build/run.js:126:9)\n    at _runTestsForDescribeBlock (/Users/useruser/Desktop/IVOS 61.1/node_modules/jest-circus/build/run.js:121:9)\n    at run (/Users/useruser/Desktop/IVOS 61.1/node_modules/jest-circus/build/run.js:71:3)\n    at runAndTransformResultsToJestFormat (/Users/useruser/Desktop/IVOS 61.1/node_modules/jest-circus/build/legacy-code-todo-rewrite/jestAdapterInit.js:122:21)\n    at jestAdapter (/Users/useruser/Desktop/IVOS 61.1/node_modules/jest-circus/build/legacy-code-todo-rewrite/jestAdapter.js:79:19)\n    at runTestInternal (/Users/useruser/Desktop/IVOS 61.1/node_modules/jest-runner/build/runTest.js:367:16)\n    at runTest (/Users/useruser/Desktop/IVOS 61.1/node_modules/jest-runner/build/runTest.js:444:34)"],"fullName":"OperationsDashboard affiche les missions mockées","invocations":1,"location":null,"numPassingAsserts":0,"retryReasons":[],"status":"failed","title":"affiche les missions mockées"}],"endTime":1777141524591,"message":"\u001b[1m\u001b[31m  \u001b[1m● \u001b[22m\u001b[1mOperationsDashboard › affiche le tableau de bord avec les colonnes\u001b[39m\u001b[22m\n\n    TypeError: Cannot read properties of null (reading 'useContext')\n\u001b[2m\u001b[22m\n\u001b[2m    \u001b[0m \u001b[90m 27 |\u001b[39m   ui\u001b[33m:\u001b[39m \u001b[33mReactElement\u001b[39m\u001b[33m,\u001b[39m\u001b[22m\n\u001b[2m     \u001b[90m 28 |\u001b[39m   options\u001b[33m?\u001b[39m\u001b[33m:\u001b[39m \u001b[33mOmit\u001b[39m\u001b[33m<\u001b[39m\u001b[33mRenderOptions\u001b[39m\u001b[33m,\u001b[39m \u001b[32m'wrapper'\u001b[39m\u001b[33m>\u001b[39m\u001b[22m\n\u001b[2m    \u001b[31m\u001b[1m>\u001b[22m\u001b[2m\u001b[39m\u001b[90m 29 |\u001b[39m ) \u001b[33m=>\u001b[39m render(ui\u001b[33m,\u001b[39m { wrapper\u001b[33m:\u001b[39m \u001b[33mAllTheProviders\u001b[39m\u001b[33m,\u001b[39m \u001b[33m...\u001b[39moptions })\u001b[33m;\u001b[39m\u001b[22m\n\u001b[2m     \u001b[90m    |\u001b[39m            \u001b[31m\u001b[1m^\u001b[22m\u001b[2m\u001b[39m\u001b[22m\n\u001b[2m     \u001b[90m 30 |\u001b[39m\u001b[22m\n\u001b[2m     \u001b[90m 31 |\u001b[39m \u001b[90m// Re-export tout de @testing-library/react\u001b[39m\u001b[22m\n\u001b[2m     \u001b[90m 32 |\u001b[39m \u001b[36mexport\u001b[39m \u001b[33m*\u001b[39m \u001b[36mfrom\u001b[39m \u001b[32m'@testing-library/react'\u001b[39m\u001b[33m;\u001b[39m\u001b[0m\u001b[22m\n\u001b[2m\u001b[22m\n\u001b[2m      \u001b[2mat Object.<anonymous>.process.env.NODE_ENV.exports.useContext (\u001b[22m\u001b[2m../../node_modules/react/cjs/react.development.js\u001b[2m:1212:25)\u001b[22m\u001b[2m\u001b[22m\n\u001b[2m      \u001b[2mat Object.useContext [as usePresence] (\u001b[22m\u001b[2m../../node_modules/framer-motion/src/components/AnimatePresence/use-presence.ts\u001b[2m:43:21)\u001b[22m\u001b[2m\u001b[22m\n\u001b[2m      \u001b[2mat usePresence (\u001b[22m\u001b[2m../../node_modules/framer-motion/src/components/AnimatePresence/index.tsx\u001b[2m:58:45)\u001b[22m\u001b[2m\u001b[22m\n\u001b[2m      \u001b[2mat renderWithHooks (\u001b[22m\u001b[2mnode_modules/react-dom/cjs/react-dom.development.js\u001b[2m:15486:18)\u001b[22m\u001b[2m\u001b[22m\n\u001b[2m      \u001b[2mat mountIndeterminateComponent (\u001b[22m\u001b[2mnode_modules/react-dom/cjs/react-dom.development.js\u001b[2m:20103:13)\u001b[22m\u001b[2m\u001b[22m\n\u001b[2m      \u001b[2mat beginWork (\u001b[22m\u001b[2mnode_modules/react-dom/cjs/react-dom.development.js\u001b[2m:21626:16)\u001b[22m\u001b[2m\u001b[22m\n\u001b[2m      \u001b[2mat beginWork$1 (\u001b[22m\u001b[2mnode_modules/react-dom/cjs/react-dom.development.js\u001b[2m:27465:14)\u001b[22m\u001b[2m\u001b[22m\n\u001b[2m      \u001b[2mat performUnitOfWork (\u001b[22m\u001b[2mnode_modules/react-dom/cjs/react-dom.development.js\u001b[2m:26599:12)\u001b[22m\u001b[2m\u001b[22m\n\u001b[2m      \u001b[2mat workLoopSync (\u001b[22m\u001b[2mnode_modules/react-dom/cjs/react-dom.development.js\u001b[2m:26505:5)\u001b[22m\u001b[2m\u001b[22m\n\u001b[2m      \u001b[2mat renderRootSync (\u001b[22m\u001b[2mnode_modules/react-dom/cjs/react-dom.development.js\u001b[2m:26473:7)\u001b[22m\u001b[2m\u001b[22m\n\u001b[2m      \u001b[2mat recoverFromConcurrentError (\u001b[22m\u001b[2mnode_modules/react-dom/cjs/react-dom.development.js\u001b[2m:25889:20)\u001b[22m\u001b[2m\u001b[22m\n\u001b[2m      \u001b[2mat performConcurrentWorkOnRoot (\u001b[22m\u001b[2mnode_modules/react-dom/cjs/react-dom.development.js\u001b[2m:25789:22)\u001b[22m\u001b[2m\u001b[22m\n\u001b[2m      \u001b[2mat flushActQueue (\u001b[22m\u001b[2mnode_modules/react/cjs/react.development.js\u001b[2m:2667:24)\u001b[22m\u001b[2m\u001b[22m\n\u001b[2m      \u001b[2mat act (\u001b[22m\u001b[2mnode_modules/react/cjs/react.development.js\u001b[2m:2582:11)\u001b[22m\u001b[2m\u001b[22m\n\u001b[2m      \u001b[2mat \u001b[22m\u001b[2mnode_modules/@testing-library/react/dist/act-compat.js\u001b[2m:47:25\u001b[22m\u001b[2m\u001b[22m\n\u001b[2m      \u001b[2mat renderRoot (\u001b[22m\u001b[2mnode_modules/@testing-library/react/dist/pure.js\u001b[2m:180:26)\u001b[22m\u001b[2m\u001b[22m\n\u001b[2m      \u001b[2mat render (\u001b[22m\u001b[2mnode_modules/@testing-library/react/dist/pure.js\u001b[2m:271:10)\u001b[22m\u001b[2m\u001b[22m\n\u001b[2m      \u001b[2mat customRender (\u001b[22m\u001b[2msrc/test-utils.tsx\u001b[2m:29:12)\u001b[22m\u001b[2m\u001b[22m\n\u001b[2m      \u001b[2mat Object.<anonymous> (\u001b[22m\u001b[2m\u001b[0m\u001b[36msrc/features/operations/pages/OperationsDashboard.test.tsx\u001b[39m\u001b[0m\u001b[2m:17:11)\u001b[22m\u001b[2m\u001b[22m\n\n\u001b[1m\u001b[31m  \u001b[1m● \u001b[22m\u001b[1mOperationsDashboard › affiche les missions mockées\u001b[39m\u001b[22m\n\n    TypeError: Cannot read properties of null (reading 'useContext')\n\u001b[2m\u001b[22m\n\u001b[2m    \u001b[0m \u001b[90m 27 |\u001b[39m   ui\u001b[33m:\u001b[39m \u001b[33mReactElement\u001b[39m\u001b[33m,\u001b[39m\u001b[22m\n\u001b[2m     \u001b[90m 28 |\u001b[39m   options\u001b[33m?\u001b[39m\u001b[33m:\u001b[39m \u001b[33mOmit\u001b[39m\u001b[33m<\u001b[39m\u001b[33mRenderOptions\u001b[39m\u001b[33m,\u001b[39m \u001b[32m'wrapper'\u001b[39m\u001b[33m>\u001b[39m\u001b[22m\n\u001b[2m    \u001b[31m\u001b[1m>\u001b[22m\u001b[2m\u001b[39m\u001b[90m 29 |\u001b[39m ) \u001b[33m=>\u001b[39m render(ui\u001b[33m,\u001b[39m { wrapper\u001b[33m:\u001b[39m \u001b[33mAllTheProviders\u001b[39m\u001b[33m,\u001b[39m \u001b[33m...\u001b[39moptions })\u001b[33m;\u001b[39m\u001b[22m\n\u001b[2m     \u001b[90m    |\u001b[39m            \u001b[31m\u001b[1m^\u001b[22m\u001b[2m\u001b[39m\u001b[22m\n\u001b[2m     \u001b[90m 30 |\u001b[39m\u001b[22m\n\u001b[2m     \u001b[90m 31 |\u001b[39m \u001b[90m// Re-export tout de @testing-library/react\u001b[39m\u001b[22m\n\u001b[2m     \u001b[90m 32 |\u001b[39m \u001b[36mexport\u001b[39m \u001b[33m*\u001b[39m \u001b[36mfrom\u001b[39m \u001b[32m'@testing-library/react'\u001b[39m\u001b[33m;\u001b[39m\u001b[0m\u001b[22m\n\u001b[2m\u001b[22m\n\u001b[2m      \u001b[2mat Object.<anonymous>.process.env.NODE_ENV.exports.useContext (\u001b[22m\u001b[2m../../node_modules/react/cjs/react.development.js\u001b[2m:1212:25)\u001b[22m\u001b[2m\u001b[22m\n\u001b[2m      \u001b[2mat Object.useContext [as usePresence] (\u001b[22m\u001b[2m../../node_modules/framer-motion/src/components/AnimatePresence/use-presence.ts\u001b[2m:43:21)\u001b[22m\u001b[2m\u001b[22m\n\u001b[2m      \u001b[2mat usePresence (\u001b[22m\u001b[2m../../node_modules/framer-motion/src/components/AnimatePresence/index.tsx\u001b[2m:58:45)\u001b[22m\u001b[2m\u001b[22m\n\u001b[2m      \u001b[2mat renderWithHooks (\u001b[22m\u001b[2mnode_modules/react-dom/cjs/react-dom.development.js\u001b[2m:15486:18)\u001b[22m\u001b[2m\u001b[22m\n\u001b[2m      \u001b[2mat mountIndeterminateComponent (\u001b[22m\u001b[2mnode_modules/react-dom/cjs/react-dom.development.js\u001b[2m:20103:13)\u001b[22m\u001b[2m\u001b[22m\n\u001b[2m      \u001b[2mat beginWork (\u001b[22m\u001b[2mnode_modules/react-dom/cjs/react-dom.development.js\u001b[2m:21626:16)\u001b[22m\u001b[2m\u001b[22m\n\u001b[2m      \u001b[2mat beginWork$1 (\u001b[22m\u001b[2mnode_modules/react-dom/cjs/react-dom.development.js\u001b[2m:27465:14)\u001b[22m\u001b[2m\u001b[22m\n\u001b[2m      \u001b[2mat performUnitOfWork (\u001b[22m\u001b[2mnode_modules/react-dom/cjs/react-dom.development.js\u001b[2m:26599:12)\u001b[22m\u001b[2m\u001b[22m\n\u001b[2m      \u001b[2mat workLoopSync (\u001b[22m\u001b[2mnode_modules/react-dom/cjs/react-dom.development.js\u001b[2m:26505:5)\u001b[22m\u001b[2m\u001b[22m\n\u001b[2m      \u001b[2mat renderRootSync (\u001b[22m\u001b[2mnode_modules/react-dom/cjs/react-dom.development.js\u001b[2m:26473:7)\u001b[22m\u001b[2m\u001b[22m\n\u001b[2m      \u001b[2mat recoverFromConcurrentError (\u001b[22m\u001b[2mnode_modules/react-dom/cjs/react-dom.development.js\u001b[2m:25889:20)\u001b[22m\u001b[2m\u001b[22m\n\u001b[2m      \u001b[2mat performConcurrentWorkOnRoot (\u001b[22m\u001b[2mnode_modules/react-dom/cjs/react-dom.development.js\u001b[2m:25789:22)\u001b[22m\u001b[2m\u001b[22m\n\u001b[2m      \u001b[2mat flushActQueue (\u001b[22m\u001b[2mnode_modules/react/cjs/react.development.js\u001b[2m:2667:24)\u001b[22m\u001b[2m\u001b[22m\n\u001b[2m      \u001b[2mat act (\u001b[22m\u001b[2mnode_modules/react/cjs/react.development.js\u001b[2m:2582:11)\u001b[22m\u001b[2m\u001b[22m\n\u001b[2m      \u001b[2mat \u001b[22m\u001b[2mnode_modules/@testing-library/react/dist/act-compat.js\u001b[2m:47:25\u001b[22m\u001b[2m\u001b[22m\n\u001b[2m      \u001b[2mat renderRoot (\u001b[22m\u001b[2mnode_modules/@testing-library/react/dist/pure.js\u001b[2m:180:26)\u001b[22m\u001b[2m\u001b[22m\n\u001b[2m      \u001b[2mat render (\u001b[22m\u001b[2mnode_modules/@testing-library/react/dist/pure.js\u001b[2m:271:10)\u001b[22m\u001b[2m\u001b[22m\n\u001b[2m      \u001b[2mat customRender (\u001b[22m\u001b[2msrc/test-utils.tsx\u001b[2m:29:12)\u001b[22m\u001b[2m\u001b[22m\n\u001b[2m      \u001b[2mat Object.<anonymous> (\u001b[22m\u001b[2m\u001b[0m\u001b[36msrc/features/operations/pages/OperationsDashboard.test.tsx\u001b[39m\u001b[0m\u001b[2m:25:11)\u001b[22m\u001b[2m\u001b[22m\n","name":"/Users/useruser/Desktop/IVOS 61.1/src/features/operations/pages/OperationsDashboard.test.tsx","startTime":1777141523814,"status":"failed","summary":""},{"assertionResults":[{"ancestorTitles":["OperationsPage"],"duration":80,"failureDetails":[],"failureMessages":[],"fullName":"OperationsPage affiche la page des ordres d'opération","invocations":1,"location":null,"numPassingAsserts":2,"retryReasons":[],"status":"passed","title":"affiche la page des ordres d'opération"},{"ancestorTitles":["OperationsPage"],"duration":35,"failureDetails":[],"failureMessages":[],"fullName":"OperationsPage affiche les missions mockées","invocations":1,"location":null,"numPassingAsserts":2,"retryReasons":[],"status":"passed","title":"affiche les missions mockées"}],"endTime":1777141525230,"message":"","name":"/Users/useruser/Desktop/IVOS 61.1/src/features/operations/pages/OperationsPage.test.tsx","startTime":1777141524840,"status":"passed","summary":""},{"assertionResults":[{"ancestorTitles":["useClaims"],"duration":6,"failureDetails":[],"failureMessages":[],"fullName":"useClaims merges parc and personnel claims","invocations":1,"location":null,"numPassingAsserts":3,"retryReasons":[],"status":"passed","title":"merges parc and personnel claims"},{"ancestorTitles":["useClaims"],"duration":2,"failureDetails":[],"failureMessages":[],"fullName":"useClaims creates, updates and deletes parc claims","invocations":1,"location":null,"numPassingAsserts":3,"retryReasons":[],"status":"passed","title":"creates, updates and deletes parc claims"},{"ancestorTitles":["useClaims"],"duration":1,"failureDetails":[],"failureMessages":[],"fullName":"useClaims generates a report number with current year and padded index","invocations":1,"location":null,"numPassingAsserts":1,"retryReasons":[],"status":"passed","title":"generates a report number with current year and padded index"}],"endTime":1777141525335,"message":"","name":"/Users/useruser/Desktop/IVOS 61.1/src/features/fleet/hooks/useClaims.test.ts","startTime":1777141525242,"status":"passed","summary":""},{"assertionResults":[{"ancestorTitles":["assuranceStore"],"duration":2,"failureDetails":[],"failureMessages":[],"fullName":"assuranceStore computes status from expiry date","invocations":1,"location":null,"numPassingAsserts":3,"retryReasons":[],"status":"passed","title":"computes status from expiry date"},{"ancestorTitles":["assuranceStore"],"duration":1,"failureDetails":[],"failureMessages":[],"fullName":"assuranceStore archives previous policy on update and syncs vehicle insurance fields","invocations":1,"location":null,"numPassingAsserts":6,"retryReasons":[],"status":"passed","title":"archives previous policy on update and syncs vehicle insurance fields"},{"ancestorTitles":["assuranceStore"],"duration":1,"failureDetails":[],"failureMessages":[],"fullName":"assuranceStore keeps vehicle insurance in sync with latest remaining contract when one is removed","invocations":1,"location":null,"numPassingAsserts":3,"retryReasons":[],"status":"passed","title":"keeps vehicle insurance in sync with latest remaining contract when one is removed"}],"endTime":1777141525396,"message":"","name":"/Users/useruser/Desktop/IVOS 61.1/src/features/fleet/services/assuranceStore.test.ts","startTime":1777141525342,"status":"passed","summary":""}],"wasInterrupted":false}
